<?xml version="1.0" encoding="UTF-8"?>
<testng-results ignored="0" total="1" passed="1" failed="0" skipped="0">
  <reporter-output>
  </reporter-output>
  <suite started-at="2025-02-01T06:42:30 GMT-05:00" name="Default suite" finished-at="2025-02-01T06:42:32 GMT-05:00" duration-ms="2177">
    <groups>
    </groups>
    <test started-at="2025-02-01T06:42:30 GMT-05:00" name="Default test" finished-at="2025-02-01T06:42:32 GMT-05:00" duration-ms="2177">
      <class name="com.automation.apitesting.ValidatePostAPIWithTextFile">
        <test-method signature="CreateBooking()[pri:0, instance:com.automation.apitesting.ValidatePostAPIWithTextFile@694abbdc]" started-at="2025-02-01T06:42:30 GMT-05:00" name="CreateBooking" finished-at="2025-02-01T06:42:32 GMT-05:00" duration-ms="2145" status="PASS">
          <reporter-output>
          </reporter-output>
        </test-method> <!-- CreateBooking -->
      </class> <!-- com.automation.apitesting.ValidatePostAPIWithTextFile -->
    </test> <!-- Default test -->
  </suite> <!-- Default suite -->
</testng-results>
